0 info it worked if it ends with ok
1 verbose cli [ '/usr/bin/nodejs', '/usr/bin/npm', 'install' ]
2 info using npm@4.1.2
3 info using node@v7.7.4
4 silly loadCurrentTree Starting
5 silly install loadCurrentTree
6 silly install readLocalPackageData
7 silly install normalizeTree
8 silly loadCurrentTree Finishing
9 silly loadIdealTree Starting
10 silly install loadIdealTree
11 silly cloneCurrentTree Starting
12 silly install cloneCurrentTreeToIdealTree
13 silly cloneCurrentTree Finishing
14 silly loadShrinkwrap Starting
15 silly install loadShrinkwrap
16 silly loadShrinkwrap Finishing
17 silly loadAllDepsIntoIdealTree Starting
18 silly install loadAllDepsIntoIdealTree
19 silly loadAllDepsIntoIdealTree Finishing
20 silly loadIdealTree Finishing
21 silly currentTree leaflet.label@0.2.4
21 silly currentTree ├── amdefine@1.0.1
21 silly currentTree ├── async@0.2.10
21 silly currentTree ├── balanced-match@0.4.2
21 silly currentTree ├── brace-expansion@1.1.7
21 silly currentTree ├── cli@0.4.5
21 silly currentTree ├── concat-map@0.0.1
21 silly currentTree ├── console-browserify@0.1.6
21 silly currentTree ├── fs.realpath@1.0.0
21 silly currentTree ├─┬ glob@7.1.2
21 silly currentTree │ └── minimatch@3.0.4
21 silly currentTree ├── inflight@1.0.6
21 silly currentTree ├── inherits@2.0.3
21 silly currentTree ├── jshint@2.1.11
21 silly currentTree ├── leaflet@0.7.7
21 silly currentTree ├── lru-cache@2.7.3
21 silly currentTree ├── minimatch@0.4.0
21 silly currentTree ├── once@1.4.0
21 silly currentTree ├── optimist@0.3.7
21 silly currentTree ├── path-is-absolute@1.0.1
21 silly currentTree ├── shelljs@0.1.4
21 silly currentTree ├── sigmund@1.0.1
21 silly currentTree ├── source-map@0.1.43
21 silly currentTree ├── uglify-js@2.3.6
21 silly currentTree ├── underscore@1.4.4
21 silly currentTree ├── wordwrap@0.0.3
21 silly currentTree └── wrappy@1.0.2
22 silly idealTree leaflet.label@0.2.4
22 silly idealTree ├── amdefine@1.0.1
22 silly idealTree ├── async@0.2.10
22 silly idealTree ├── balanced-match@0.4.2
22 silly idealTree ├── brace-expansion@1.1.7
22 silly idealTree ├── cli@0.4.5
22 silly idealTree ├── concat-map@0.0.1
22 silly idealTree ├── console-browserify@0.1.6
22 silly idealTree ├── fs.realpath@1.0.0
22 silly idealTree ├─┬ glob@7.1.2
22 silly idealTree │ └── minimatch@3.0.4
22 silly idealTree ├── inflight@1.0.6
22 silly idealTree ├── inherits@2.0.3
22 silly idealTree ├── jshint@2.1.11
22 silly idealTree ├── leaflet@0.7.7
22 silly idealTree ├── lru-cache@2.7.3
22 silly idealTree ├── minimatch@0.4.0
22 silly idealTree ├── once@1.4.0
22 silly idealTree ├── optimist@0.3.7
22 silly idealTree ├── path-is-absolute@1.0.1
22 silly idealTree ├── shelljs@0.1.4
22 silly idealTree ├── sigmund@1.0.1
22 silly idealTree ├── source-map@0.1.43
22 silly idealTree ├── uglify-js@2.3.6
22 silly idealTree ├── underscore@1.4.4
22 silly idealTree ├── wordwrap@0.0.3
22 silly idealTree └── wrappy@1.0.2
23 silly generateActionsToTake Starting
24 silly install generateActionsToTake
25 silly generateActionsToTake Finishing
26 silly diffTrees action count 0
27 silly decomposeActions action count 0
28 silly runTopLevelLifecycles Starting
29 silly install runPreinstallTopLevelLifecycles
30 silly preinstall leaflet.label@0.2.4
31 info lifecycle leaflet.label@0.2.4~preinstall: leaflet.label@0.2.4
32 silly lifecycle leaflet.label@0.2.4~preinstall: no script for preinstall, continuing
33 silly executeActions Starting
34 silly install executeActions
35 silly doSerial global-install 0
36 silly doParallel fetch 0
37 verbose correctMkdir /home/anto/.npm/_locks correctMkdir not in flight; initializing
38 verbose lock using /home/anto/.npm/_locks/staging-39f9d5c6e3595282.lock for /home/anto/workspace/Leaflet.label/node_modules/.staging
39 silly doParallel extract 0
40 silly doParallel preinstall 0
41 silly doReverseSerial remove 0
42 silly doSerial move 0
43 silly doSerial finalize 0
44 silly doSerial build 0
45 silly doSerial global-link 0
46 silly doParallel update-linked 0
47 silly doSerial install 0
48 silly doSerial postinstall 0
49 verbose unlock done using /home/anto/.npm/_locks/staging-39f9d5c6e3595282.lock for /home/anto/workspace/Leaflet.label/node_modules/.staging
50 silly executeActions Finishing
51 silly rollbackFailedOptional Starting
52 silly rollbackFailedOptional Finishing
53 silly install runPostinstallTopLevelLifecycles
54 silly build leaflet.label@0.2.4
55 info linkStuff leaflet.label@0.2.4
56 silly linkStuff leaflet.label@0.2.4 has /home/anto/workspace as its parent node_modules
57 verbose linkBins leaflet.label@0.2.4
58 verbose linkMans leaflet.label@0.2.4
59 silly install leaflet.label@0.2.4
60 info lifecycle leaflet.label@0.2.4~install: leaflet.label@0.2.4
61 silly lifecycle leaflet.label@0.2.4~install: no script for install, continuing
62 silly postinstall leaflet.label@0.2.4
63 info lifecycle leaflet.label@0.2.4~postinstall: leaflet.label@0.2.4
64 silly lifecycle leaflet.label@0.2.4~postinstall: no script for postinstall, continuing
65 silly prepublish leaflet.label@0.2.4
66 warn prepublish-on-install As of npm@5, `prepublish` scripts will run only for `npm publish`.
67 warn prepublish-on-install (In npm@4 and previous versions, it also runs for `npm install`.)
68 warn prepublish-on-install See the deprecation note in `npm help scripts` for more information.
69 info lifecycle leaflet.label@0.2.4~prepublish: leaflet.label@0.2.4
70 verbose lifecycle leaflet.label@0.2.4~prepublish: unsafe-perm in lifecycle true
71 verbose lifecycle leaflet.label@0.2.4~prepublish: PATH: /usr/lib/node_modules/npm/bin/node-gyp-bin:/home/anto/workspace/Leaflet.label/node_modules/.bin:/home/anto/bin:/home/anto/.local/bin:/usr/local/sbin:/usr/local/bin:/usr/sbin:/usr/bin:/sbin:/bin:/usr/games:/usr/local/games:/snap/bin
72 verbose lifecycle leaflet.label@0.2.4~prepublish: CWD: /home/anto/workspace/Leaflet.label
73 silly lifecycle leaflet.label@0.2.4~prepublish: Args: [ '-c', 'jake' ]
74 info lifecycle leaflet.label@0.2.4~prepublish: Failed to exec prepublish script
75 verbose stack Error: leaflet.label@0.2.4 prepublish: `jake`
75 verbose stack spawn ENOENT
75 verbose stack     at ChildProcess.<anonymous> (/usr/lib/node_modules/npm/lib/utils/spawn.js:33:16)
75 verbose stack     at emitTwo (events.js:106:13)
75 verbose stack     at ChildProcess.emit (events.js:194:7)
75 verbose stack     at maybeClose (internal/child_process.js:899:16)
75 verbose stack     at Process.ChildProcess._handle.onexit (internal/child_process.js:226:5)
76 verbose pkgid leaflet.label@0.2.4
77 verbose cwd /home/anto/workspace/Leaflet.label/libs/leaflet
78 error Linux 4.8.0-52-generic
79 error argv "/usr/bin/nodejs" "/usr/bin/npm" "install"
80 error node v7.7.4
81 error npm  v4.1.2
82 error file sh
83 error code ELIFECYCLE
84 error errno ENOENT
85 error syscall spawn
86 error leaflet.label@0.2.4 prepublish: `jake`
86 error spawn ENOENT
87 error Failed at the leaflet.label@0.2.4 prepublish script 'jake'.
87 error Make sure you have the latest version of node.js and npm installed.
87 error If you do, this is most likely a problem with the leaflet.label package,
87 error not with npm itself.
87 error Tell the author that this fails on your system:
87 error     jake
87 error You can get information on how to open an issue for this project with:
87 error     npm bugs leaflet.label
87 error Or if that isn't available, you can get their info via:
87 error     npm owner ls leaflet.label
87 error There is likely additional logging output above.
88 verbose exit [ 1, true ]
